2021-03-03 13:59:09,779 [INFO] from play.api.http.EnabledFilters in play-dev-mode-akka.actor.default-dispatcher-6 - Enabled Filters (see <https://www.playframework.com/documentation/latest/Filters>):

    play.filters.csrf.CSRFFilter
    play.filters.headers.SecurityHeadersFilter
    play.filters.hosts.AllowedHostsFilter

2021-03-03 13:59:09,783 [INFO] from play.api.Play in play-dev-mode-akka.actor.default-dispatcher-6 - Application started (Dev) (no global state)
2021-03-03 13:59:09,923 [WARN] from scalikejdbc.StatementExecutor$$anon$1 in application-repository.dispatcher-7 - SQL execution completed

  [SQL Execution]
   SELECT * FROM tournaments; (9 ms)

  [Stack Trace]
    ...
    api.tournament.TournamentDB$.index(TournamentRepository.scala:89)
    api.tournament.TournamentRepositoryImpl.$anonfun$index$2(TournamentRepository.scala:42)
    scala.concurrent.Future$.$anonfun$apply$1(Future.scala:672)
    scala.concurrent.impl.Promise$Transformation.run(Promise.scala:431)
    akka.dispatch.TaskInvocation.run(AbstractDispatcher.scala:48)
    java.base/java.util.concurrent.ThreadPoolExecutor.runWorker(ThreadPoolExecutor.java:1130)
    java.base/java.util.concurrent.ThreadPoolExecutor$Worker.run(ThreadPoolExecutor.java:630)
    java.base/java.lang.Thread.run(Thread.java:832)
    ...

2021-03-03 13:59:37,078 [INFO] from play.core.server.AkkaHttpServer in play-dev-mode-shutdown-hook-1 - Stopping Akka HTTP server...
2021-03-03 13:59:37,082 [INFO] from play.core.server.AkkaHttpServer in play-dev-mode-akka.actor.internal-dispatcher-3 - Terminating server binding for /[0:0:0:0:0:0:0:0]:12082
2021-03-03 13:59:37,110 [INFO] from play.core.server.AkkaHttpServer in play-dev-mode-akka.actor.internal-dispatcher-5 - Running provided shutdown stop hooks
